2025-04-01T10:57:43.698+05:30  INFO 4732 --- [java-sql-connect] [restartedMain] c.e.j.JavaSqlConnectApplication          : Starting JavaSqlConnectApplication using Java 21.0.5 with PID 4732 (C:\Users\HP\OneDrive\Desktop\AIRTEL\java-sql-connect1\java-sql-connect\target\classes started by HP in C:\Users\HP\OneDrive\Desktop\AIRTEL\java-sql-connect1\java-sql-connect)
2025-04-01T10:57:43.726+05:30  INFO 4732 --- [java-sql-connect] [restartedMain] c.e.j.JavaSqlConnectApplication          : No active profile set, falling back to 1 default profile: "default"
2025-04-01T10:57:43.830+05:30  INFO 4732 --- [java-sql-connect] [restartedMain] .e.DevToolsPropertyDefaultsPostProcessor : Devtools property defaults active! Set 'spring.devtools.add-properties' to 'false' to disable
2025-04-01T10:57:43.830+05:30  INFO 4732 --- [java-sql-connect] [restartedMain] .e.DevToolsPropertyDefaultsPostProcessor : For additional web related logging consider setting the 'logging.level.web' property to 'DEBUG'
2025-04-01T10:57:45.448+05:30  INFO 4732 --- [java-sql-connect] [restartedMain] .s.d.r.c.RepositoryConfigurationDelegate : Bootstrapping Spring Data JPA repositories in DEFAULT mode.
2025-04-01T10:57:45.552+05:30  INFO 4732 --- [java-sql-connect] [restartedMain] .s.d.r.c.RepositoryConfigurationDelegate : Finished Spring Data repository scanning in 90 ms. Found 2 JPA repository interfaces.
2025-04-01T10:57:46.940+05:30  INFO 4732 --- [java-sql-connect] [restartedMain] o.s.b.w.embedded.tomcat.TomcatWebServer  : Tomcat initialized with port 8080 (http)
2025-04-01T10:57:46.967+05:30  INFO 4732 --- [java-sql-connect] [restartedMain] o.apache.catalina.core.StandardService   : Starting service [Tomcat]
2025-04-01T10:57:46.972+05:30  INFO 4732 --- [java-sql-connect] [restartedMain] o.apache.catalina.core.StandardEngine    : Starting Servlet engine: [Apache Tomcat/10.1.34]
2025-04-01T10:57:47.071+05:30  INFO 4732 --- [java-sql-connect] [restartedMain] o.a.c.c.C.[Tomcat].[localhost].[/]       : Initializing Spring embedded WebApplicationContext
2025-04-01T10:57:47.071+05:30  INFO 4732 --- [java-sql-connect] [restartedMain] w.s.c.ServletWebServerApplicationContext : Root WebApplicationContext: initialization completed in 3241 ms
2025-04-01T10:57:47.601+05:30  INFO 4732 --- [java-sql-connect] [restartedMain] o.hibernate.jpa.internal.util.LogHelper  : HHH000204: Processing PersistenceUnitInfo [name: default]
2025-04-01T10:57:47.712+05:30  INFO 4732 --- [java-sql-connect] [restartedMain] org.hibernate.Version                    : HHH000412: Hibernate ORM core version 6.5.3.Final
2025-04-01T10:57:47.770+05:30  INFO 4732 --- [java-sql-connect] [restartedMain] o.h.c.internal.RegionFactoryInitiator    : HHH000026: Second-level cache disabled
2025-04-01T10:57:48.301+05:30  INFO 4732 --- [java-sql-connect] [restartedMain] o.s.o.j.p.SpringPersistenceUnitInfo      : No LoadTimeWeaver setup: ignoring JPA class transformer
2025-04-01T10:57:48.354+05:30  INFO 4732 --- [java-sql-connect] [restartedMain] com.zaxxer.hikari.HikariDataSource       : HikariPool-1 - Starting...
2025-04-01T10:57:48.935+05:30  INFO 4732 --- [java-sql-connect] [restartedMain] com.zaxxer.hikari.pool.HikariPool        : HikariPool-1 - Added connection com.mysql.cj.jdbc.ConnectionImpl@2063a718
2025-04-01T10:57:48.938+05:30  INFO 4732 --- [java-sql-connect] [restartedMain] com.zaxxer.hikari.HikariDataSource       : HikariPool-1 - Start completed.
2025-04-01T10:57:49.060+05:30  WARN 4732 --- [java-sql-connect] [restartedMain] org.hibernate.orm.deprecation            : HHH90000025: MySQL8Dialect does not need to be specified explicitly using 'hibernate.dialect' (remove the property setting and it will be selected by default)
2025-04-01T10:57:49.060+05:30  WARN 4732 --- [java-sql-connect] [restartedMain] org.hibernate.orm.deprecation            : HHH90000026: MySQL8Dialect has been deprecated; use org.hibernate.dialect.MySQLDialect instead
2025-04-01T10:57:50.582+05:30  INFO 4732 --- [java-sql-connect] [restartedMain] o.h.e.t.j.p.i.JtaPlatformInitiator       : HHH000489: No JTA platform available (set 'hibernate.transaction.jta.platform' to enable JTA platform integration)
2025-04-01T10:57:50.716+05:30  INFO 4732 --- [java-sql-connect] [restartedMain] j.LocalContainerEntityManagerFactoryBean : Initialized JPA EntityManagerFactory for persistence unit 'default'
2025-04-01T10:57:51.285+05:30  INFO 4732 --- [java-sql-connect] [restartedMain] o.s.d.j.r.query.QueryEnhancerFactory     : Hibernate is in classpath; If applicable, HQL parser will be used.
2025-04-01T10:57:51.475+05:30  WARN 4732 --- [java-sql-connect] [restartedMain] JpaBaseConfiguration$JpaWebConfiguration : spring.jpa.open-in-view is enabled by default. Therefore, database queries may be performed during view rendering. Explicitly configure spring.jpa.open-in-view to disable this warning
2025-04-01T10:57:52.597+05:30  INFO 4732 --- [java-sql-connect] [restartedMain] o.s.b.d.a.OptionalLiveReloadServer       : LiveReload server is running on port 35729
2025-04-01T10:57:52.618+05:30  INFO 4732 --- [java-sql-connect] [restartedMain] o.s.b.a.e.web.EndpointLinksResolver      : Exposing 1 endpoint beneath base path '/actuator'
2025-04-01T10:57:52.762+05:30  INFO 4732 --- [java-sql-connect] [restartedMain] o.s.b.w.embedded.tomcat.TomcatWebServer  : Tomcat started on port 8080 (http) with context path '/'
2025-04-01T10:57:52.785+05:30  INFO 4732 --- [java-sql-connect] [restartedMain] c.e.j.JavaSqlConnectApplication          : Started JavaSqlConnectApplication in 9.861 seconds (process running for 10.681)
2025-04-01T12:03:00.117+05:30  WARN 4732 --- [java-sql-connect] [HikariPool-1 housekeeper] com.zaxxer.hikari.pool.HikariPool        : HikariPool-1 - Thread starvation or clock leap detected (housekeeper delta=50m10s904ms931µs).
